<?xml version="1.0" encoding="UTF-8"?>
<!-- Generated by org.testng.reporters.JUnitReportReporter -->
<testsuite hostname="DESKTOP-TOBJVKK" failures="1" tests="4" name="cucumaberOptions.TestNGrunner" time="291.136" errors="0" timestamp="2025-02-03T20:08:14 IST" skipped="0">
  <testcase classname="cucumaberOptions.TestNGrunner" name="runScenario" time="82.266">
    <failure message="expected [Beetroot] but found [Potato]" type="java.lang.AssertionError">
      <![CDATA[java.lang.AssertionError: expected [Beetroot] but found [Potato]
at org.testng.Assert.fail(Assert.java:111)
at org.testng.Assert.failNotEquals(Assert.java:1578)
at org.testng.Assert.assertEqualsImpl(Assert.java:150)
at org.testng.Assert.assertEquals(Assert.java:132)
at org.testng.Assert.assertEquals(Assert.java:656)
at org.testng.Assert.assertEquals(Assert.java:666)
at stepdefinations.offerspage.verify_both_name_are_same_or_not(offerspage.java:70)
at ✽.verify both name are same or not(file:///C:/Users/Shubham%20Shetti/eclipse-workspace/CucumbarFramework/src/test/java/Featuresfiles/searchproduct.feature:16)
]]>
    </failure>
  </testcase> <!-- runScenario -->
  <testcase classname="cucumaberOptions.TestNGrunner" name="runScenario" time="63.999"/>
  <testcase classname="cucumaberOptions.TestNGrunner" name="runScenario" time="82.033"/>
  <testcase classname="cucumaberOptions.TestNGrunner" name="runScenario" time="62.838"/>
</testsuite> <!-- cucumaberOptions.TestNGrunner -->
